c:\users\sdasd\documents\github\graphicscomputing-uthub\graphicsengine_gl\graphicsengine_gl\x64\debug\vc142.pdb
c:\users\sdasd\documents\github\graphicscomputing-uthub\graphicsengine_gl\graphicsengine_gl\x64\debug\vc142.idb
c:\users\sdasd\documents\github\graphicscomputing-uthub\graphicsengine_gl\graphicsengine_gl\x64\debug\stb_image.obj
c:\users\sdasd\documents\github\graphicscomputing-uthub\graphicsengine_gl\graphicsengine_gl\x64\debug\texture.obj
c:\users\sdasd\documents\github\graphicscomputing-uthub\graphicsengine_gl\graphicsengine_gl\x64\debug\shaderprogram.obj
c:\users\sdasd\documents\github\graphicscomputing-uthub\graphicsengine_gl\graphicsengine_gl\x64\debug\shader.obj
c:\users\sdasd\documents\github\graphicscomputing-uthub\graphicsengine_gl\graphicsengine_gl\x64\debug\model.obj
c:\users\sdasd\documents\github\graphicscomputing-uthub\graphicsengine_gl\graphicsengine_gl\x64\debug\mesh.obj
c:\users\sdasd\documents\github\graphicscomputing-uthub\graphicsengine_gl\graphicsengine_gl\x64\debug\main.obj
c:\users\sdasd\documents\github\graphicscomputing-uthub\graphicsengine_gl\graphicsengine_gl\x64\debug\windowcontroller.obj
c:\users\sdasd\documents\github\graphicscomputing-uthub\graphicsengine_gl\graphicsengine_gl\x64\debug\openglcontroller.obj
c:\users\sdasd\documents\github\graphicscomputing-uthub\graphicsengine_gl\graphicsengine_gl\x64\debug\inputcontroller.obj
c:\users\sdasd\documents\github\graphicscomputing-uthub\graphicsengine_gl\graphicsengine_gl\x64\debug\application.obj
c:\users\sdasd\documents\github\graphicscomputing-uthub\graphicsengine_gl\graphicsengine_gl\x64\debug\worldcontroller.obj
c:\users\sdasd\documents\github\graphicscomputing-uthub\graphicsengine_gl\graphicsengine_gl\x64\debug\cameracontroller.obj
c:\users\sdasd\documents\github\graphicscomputing-uthub\graphicsengine_gl\graphicsengine_gl\x64\debug\glad.obj
c:\users\sdasd\documents\github\graphicscomputing-uthub\graphicsengine_gl\x64\debug\graphicsengine_gl.exe
c:\users\sdasd\documents\github\graphicscomputing-uthub\graphicsengine_gl\graphicsengine_gl\x64\debug\graphicsengine_gl.ilk
c:\users\sdasd\documents\github\graphicscomputing-uthub\graphicsengine_gl\x64\debug\graphicsengine_gl.pdb
c:\users\sdasd\documents\github\graphicscomputing-uthub\graphicsengine_gl\graphicsengine_gl\x64\debug\graphics.83c4363f.tlog\cl.command.1.tlog
c:\users\sdasd\documents\github\graphicscomputing-uthub\graphicsengine_gl\graphicsengine_gl\x64\debug\graphics.83c4363f.tlog\cl.read.1.tlog
c:\users\sdasd\documents\github\graphicscomputing-uthub\graphicsengine_gl\graphicsengine_gl\x64\debug\graphics.83c4363f.tlog\cl.write.1.tlog
c:\users\sdasd\documents\github\graphicscomputing-uthub\graphicsengine_gl\graphicsengine_gl\x64\debug\graphics.83c4363f.tlog\link.command.1.tlog
c:\users\sdasd\documents\github\graphicscomputing-uthub\graphicsengine_gl\graphicsengine_gl\x64\debug\graphics.83c4363f.tlog\link.read.1.tlog
c:\users\sdasd\documents\github\graphicscomputing-uthub\graphicsengine_gl\graphicsengine_gl\x64\debug\graphics.83c4363f.tlog\link.write.1.tlog
